<?xml version="1.0" encoding="UTF-8"?>
<testng-results ignored="0" total="1" passed="0" failed="1" skipped="0">
  <reporter-output>
  </reporter-output>
  <suite started-at="2024-06-25T17:58:16 IST" name="Default suite" finished-at="2024-06-25T17:58:18 IST" duration-ms="1369">
    <groups>
      <group name="cucumber">
        <method signature="AbstractTestNGCucumberTests.runScenario(io.cucumber.testng.PickleWrapper,io.cucumber.testng.FeatureWrapper)[pri:0, instance:runner.UITestRunner@5032714f]" name="runScenario" class="io.cucumber.testng.AbstractTestNGCucumberTests"/>
      </group> <!-- cucumber -->
    </groups>
    <test started-at="2024-06-25T17:58:16 IST" name="Default test" finished-at="2024-06-25T17:58:18 IST" duration-ms="1369">
      <class name="runner.UITestRunner">
        <test-method is-config="true" signature="setUpClass(org.testng.ITestContext)[pri:0, instance:runner.UITestRunner@5032714f]" started-at="2024-06-25T17:58:16 IST" name="setUpClass" finished-at="2024-06-25T17:58:17 IST" duration-ms="267" status="PASS">
          <params>
            <param index="0">
              <value>
                <![CDATA[org.testng.TestRunner@2098d37d]]>
              </value>
            </param>
          </params>
          <reporter-output>
          </reporter-output>
        </test-method> <!-- setUpClass -->
        <test-method signature="runScenario(io.cucumber.testng.PickleWrapper,io.cucumber.testng.FeatureWrapper)[pri:0, instance:runner.UITestRunner@5032714f]" started-at="2024-06-25T17:58:17 IST" name="runScenario" description="Runs Cucumber Scenarios" data-provider="scenarios" finished-at="2024-06-25T17:58:18 IST" duration-ms="1044" status="FAIL">
          <params>
            <param index="0">
              <value>
                <![CDATA["Validate login functionality with Inbox Filters"]]>
              </value>
            </param>
            <param index="1">
              <value>
                <![CDATA["As a user I want to validate Login functionality"]]>
              </value>
            </param>
          </params>
          <exception class="java.lang.NullPointerException">
            <message>
              <![CDATA[Cannot invoke "org.openqa.selenium.WebDriver.get(String)" because "this.driver" is null]]>
            </message>
            <full-stacktrace>
              <![CDATA[java.lang.NullPointerException: Cannot invoke "org.openqa.selenium.WebDriver.get(String)" because "this.driver" is null
at stepDefs.ZLoginSteps.loginUrl(ZLoginSteps.java:27)
at ✽.the user is on the login page(file:///D:/ECLIPSE/ZenAutomation/src/test/resources/features/zlogin.feature:10)
]]>
            </full-stacktrace>
          </exception> <!-- java.lang.NullPointerException -->
          <reporter-output>
          </reporter-output>
        </test-method> <!-- runScenario -->
        <test-method is-config="true" signature="tearDownClass()[pri:0, instance:runner.UITestRunner@5032714f]" started-at="2024-06-25T17:58:18 IST" name="tearDownClass" finished-at="2024-06-25T17:58:18 IST" duration-ms="14" status="PASS">
          <reporter-output>
          </reporter-output>
        </test-method> <!-- tearDownClass -->
      </class> <!-- runner.UITestRunner -->
    </test> <!-- Default test -->
  </suite> <!-- Default suite -->
</testng-results>
