<?xml version="1.0" encoding="UTF-8"?>
<!-- Generated by org.testng.reporters.JUnitReportReporter -->
<testsuite hostname="DESKTOP-0USI9MN" failures="0" tests="1" name="runner.UITestRunner" time="1.044" errors="1" timestamp="2024-06-25T17:58:18 IST" skipped="0">
  <testcase classname="runner.UITestRunner" name="runScenario" time="1.044">
    <error message="Cannot invoke &quot;org.openqa.selenium.WebDriver.get(String)&quot; because &quot;this.driver&quot; is null" type="java.lang.NullPointerException">
      <![CDATA[java.lang.NullPointerException: Cannot invoke "org.openqa.selenium.WebDriver.get(String)" because "this.driver" is null
at stepDefs.ZLoginSteps.loginUrl(ZLoginSteps.java:27)
at ✽.the user is on the login page(file:///D:/ECLIPSE/ZenAutomation/src/test/resources/features/zlogin.feature:10)
]]>
    </error>
  </testcase> <!-- runScenario -->
  <system-out/>
</testsuite> <!-- runner.UITestRunner -->
